\BOOKMARK [0][-]{chapter.1}{Introduction}{}% 1
\BOOKMARK [1][-]{section.1.1}{Features}{chapter.1}% 2
\BOOKMARK [1][-]{section.1.2}{System requirements}{chapter.1}% 3
\BOOKMARK [2][-]{subsection.1.2.1}{Important information about MathJax}{section.1.2}% 4
\BOOKMARK [1][-]{section.1.3}{Numbas structure}{chapter.1}% 5
\BOOKMARK [1][-]{section.1.4}{Organisation of this manual}{chapter.1}% 6
\BOOKMARK [0][-]{chapter.2}{Quick start guide}{}% 7
\BOOKMARK [1][-]{section.2.1}{Creating the example exam}{chapter.2}% 8
\BOOKMARK [1][-]{section.2.2}{Creating your own exams}{chapter.2}% 9
\BOOKMARK [2][-]{subsection.2.2.1}{numbas.py}{section.2.2}% 10
\BOOKMARK [0][-]{chapter.3}{The exam format}{}% 11
\BOOKMARK [1][-]{section.3.1}{Data types}{chapter.3}% 12
\BOOKMARK [2][-]{subsection.3.1.1}{Arrays}{section.3.1}% 13
\BOOKMARK [2][-]{subsection.3.1.2}{Objects}{section.3.1}% 14
\BOOKMARK [2][-]{subsection.3.1.3}{Literals and quoting}{section.3.1}% 15
\BOOKMARK [0][-]{chapter.4}{The exam object}{}% 16
\BOOKMARK [1][-]{section.4.1}{Event object}{chapter.4}% 17
\BOOKMARK [1][-]{section.4.2}{Navigation}{chapter.4}% 18
\BOOKMARK [2][-]{subsection.4.2.1}{Navigation events}{section.4.2}% 19
\BOOKMARK [1][-]{section.4.3}{Timing}{chapter.4}% 20
\BOOKMARK [2][-]{subsection.4.3.1}{Timing events}{section.4.3}% 21
\BOOKMARK [1][-]{section.4.4}{Feedback and advice}{chapter.4}% 22
\BOOKMARK [2][-]{subsection.4.4.1}{Restricting advice}{section.4.4}% 23
\BOOKMARK [2][-]{subsection.4.4.2}{Restricting mark information}{section.4.4}% 24
\BOOKMARK [2][-]{subsection.4.4.3}{Restricting the answer state}{section.4.4}% 25
\BOOKMARK [2][-]{subsection.4.4.4}{Advice object}{section.4.4}% 26
\BOOKMARK [2][-]{subsection.4.4.5}{Feedback examples}{section.4.4}% 27
\BOOKMARK [1][-]{section.4.5}{Resources}{chapter.4}% 28
\BOOKMARK [1][-]{section.4.6}{Simplification}{chapter.4}% 29
\BOOKMARK [0][-]{chapter.5}{The question object}{}% 30
\BOOKMARK [1][-]{section.5.1}{Question parts}{chapter.5}% 31
\BOOKMARK [1][-]{section.5.2}{Declaring variables}{chapter.5}% 32
\BOOKMARK [2][-]{subsection.5.2.1}{Simple variables}{section.5.2}% 33
\BOOKMARK [2][-]{subsection.5.2.2}{Complex variables}{section.5.2}% 34
\BOOKMARK [2][-]{subsection.5.2.3}{Randomisation}{section.5.2}% 35
\BOOKMARK [2][-]{subsection.5.2.4}{Conditional expressions}{section.5.2}% 36
\BOOKMARK [2][-]{subsection.5.2.5}{Lists}{section.5.2}% 37
\BOOKMARK [1][-]{section.5.3}{Using variables}{chapter.5}% 38
\BOOKMARK [1][-]{section.5.4}{Functions}{chapter.5}% 39
\BOOKMARK [2][-]{subsection.5.4.1}{Declaring functions}{section.5.4}% 40
\BOOKMARK [2][-]{subsection.5.4.2}{Using functions}{section.5.4}% 41
\BOOKMARK [1][-]{section.5.5}{Advice}{chapter.5}% 42
\BOOKMARK [0][-]{chapter.6}{The part object}{}% 43
\BOOKMARK [1][-]{section.6.1}{Part marks}{chapter.6}% 44
\BOOKMARK [1][-]{section.6.2}{Steps}{chapter.6}% 45
\BOOKMARK [2][-]{subsection.6.2.1}{Creating steps}{section.6.2}% 46
\BOOKMARK [2][-]{subsection.6.2.2}{Steps examples}{section.6.2}% 47
\BOOKMARK [0][-]{chapter.7}{Content blocks}{}% 48
\BOOKMARK [1][-]{section.7.1}{LaTeX}{chapter.7}% 49
\BOOKMARK [2][-]{subsection.7.1.1}{Variables}{section.7.1}% 50
\BOOKMARK [2][-]{subsection.7.1.2}{Simplification, Rearrangement and Display}{section.7.1}% 51
\BOOKMARK [2][-]{subsection.7.1.3}{ Rule Sets from Standard Rules}{section.7.1}% 52
\BOOKMARK [2][-]{subsection.7.1.4}{ Defining non-standard Rules}{section.7.1}% 53
\BOOKMARK [0][-]{chapter.8}{Question parts and types}{}% 54
\BOOKMARK [1][-]{section.8.1}{Number entry}{chapter.8}% 55
\BOOKMARK [1][-]{section.8.2}{Judged mathematical expression}{chapter.8}% 56
\BOOKMARK [2][-]{subsection.8.2.1}{Answer comparison}{section.8.2}% 57
\BOOKMARK [2][-]{subsection.8.2.2}{Revealed answer simplification}{section.8.2}% 58
\BOOKMARK [2][-]{subsection.8.2.3}{JME example}{section.8.2}% 59
\BOOKMARK [1][-]{section.8.3}{Pattern match}{chapter.8}% 60
\BOOKMARK [1][-]{section.8.4}{Multiple choice}{chapter.8}% 61
\BOOKMARK [1][-]{section.8.5}{Gap fill}{chapter.8}% 62
\BOOKMARK [1][-]{section.8.6}{Information}{chapter.8}% 63
\BOOKMARK [0][-]{chapter.9}{JME syntax}{}% 64
\BOOKMARK [1][-]{section.9.1}{Data types}{chapter.9}% 65
\BOOKMARK [1][-]{section.9.2}{JME operations and functions}{chapter.9}% 66
\BOOKMARK [0][-]{chapter.10}{Extensions}{}% 67
\BOOKMARK [1][-]{section.10.1}{Statistics Extension}{chapter.10}% 68
\BOOKMARK [0][-]{appendix.A}{SCORM objects}{}% 69
\BOOKMARK [1][-]{section.A.1}{MathJax}{appendix.A}% 70
\BOOKMARK [1][-]{section.A.2}{Installing a local copy of MathJax}{appendix.A}% 71
\BOOKMARK [2][-]{subsection.A.2.1}{Using the new theme}{section.A.2}% 72
\BOOKMARK [1][-]{section.A.3}{Creating a SCORM object}{appendix.A}% 73
